<?xml version="1.0" encoding="UTF-8"?>
<!-- Generated by org.testng.reporters.JUnitXMLReporter -->
<testsuite hostname="Dusko-PC" ignored="0" name="Command line test" tests="9" failures="0" timestamp="30 Nov 2022 11:46:04 GMT" time="102.757" errors="0">
  <testcase name="dont_remember_me_test" time="11.464" classname="com.alea.tests.Log_In_Test"/>
  <testcase name="log_in_test" time="3.714" classname="com.alea.tests.Log_In_Test"/>
  <testcase name="remember_me_test" time="13.83" classname="com.alea.tests.Log_In_Test"/>
  <testcase name="verify_validations_test0" time="2.393" classname="com.alea.tests.Log_In_Test"/>
  <testcase name="verify_validations_test1" time="3.203" classname="com.alea.tests.Log_In_Test"/>
  <testcase name="verify_validations_test2" time="5.59" classname="com.alea.tests.Log_In_Test"/>
  <testcase name="verify_validations_test3" time="2.091" classname="com.alea.tests.Log_In_Test"/>
  <testcase name="verify_validations_test4" time="2.033" classname="com.alea.tests.Log_In_Test"/>
  <testcase name="verify_validations_test5" time="1.762" classname="com.alea.tests.Log_In_Test"/>
</testsuite> <!-- Command line test -->
