<?xml version="1.0" encoding="UTF-8"?>
<testng-results skipped="0" failed="0" ignored="0" total="9" passed="9">
  <reporter-output>
  </reporter-output>
  <suite name="Command line suite" duration-ms="102757" started-at="2022-11-30T11:44:21Z" finished-at="2022-11-30T11:46:04Z">
    <groups>
    </groups>
    <test name="Command line test" duration-ms="102757" started-at="2022-11-30T11:44:21Z" finished-at="2022-11-30T11:46:04Z">
      <class name="com.alea.tests.Log_In_Test">
        <test-method status="PASS" signature="setUp(java.lang.String)[pri:0, instance:com.alea.tests.Log_In_Test@5d624da6]" name="setUp" is-config="true" duration-ms="6476" started-at="2022-11-30T12:44:21Z" finished-at="2022-11-30T12:44:27Z">
          <params>
            <param index="0">
              <value>
                <![CDATA[chrome]]>
              </value>
            </param>
          </params>
          <reporter-output>
          </reporter-output>
        </test-method> <!-- setUp -->
        <test-method status="PASS" signature="dont_remember_me_test()[pri:0, instance:com.alea.tests.Log_In_Test@5d624da6]" name="dont_remember_me_test" duration-ms="11464" started-at="2022-11-30T12:44:27Z" description="Login - Don`t check Remember Me" finished-at="2022-11-30T12:44:39Z">
          <reporter-output>
          </reporter-output>
        </test-method> <!-- dont_remember_me_test -->
        <test-method status="PASS" signature="cleanUp()[pri:0, instance:com.alea.tests.Log_In_Test@5d624da6]" name="cleanUp" is-config="true" duration-ms="547" started-at="2022-11-30T12:44:39Z" finished-at="2022-11-30T12:44:39Z">
          <reporter-output>
          </reporter-output>
        </test-method> <!-- cleanUp -->
        <test-method status="PASS" signature="setUp(java.lang.String)[pri:0, instance:com.alea.tests.Log_In_Test@5d624da6]" name="setUp" is-config="true" duration-ms="5343" started-at="2022-11-30T12:44:39Z" finished-at="2022-11-30T12:44:45Z">
          <params>
            <param index="0">
              <value>
                <![CDATA[chrome]]>
              </value>
            </param>
          </params>
          <reporter-output>
          </reporter-output>
        </test-method> <!-- setUp -->
        <test-method status="PASS" signature="log_in_test()[pri:0, instance:com.alea.tests.Log_In_Test@5d624da6]" name="log_in_test" duration-ms="3714" started-at="2022-11-30T12:44:45Z" description="Login - Valid Credentials" finished-at="2022-11-30T12:44:48Z">
          <reporter-output>
          </reporter-output>
        </test-method> <!-- log_in_test -->
        <test-method status="PASS" signature="cleanUp()[pri:0, instance:com.alea.tests.Log_In_Test@5d624da6]" name="cleanUp" is-config="true" duration-ms="841" started-at="2022-11-30T12:44:48Z" finished-at="2022-11-30T12:44:49Z">
          <reporter-output>
          </reporter-output>
        </test-method> <!-- cleanUp -->
        <test-method status="PASS" signature="setUp(java.lang.String)[pri:0, instance:com.alea.tests.Log_In_Test@5d624da6]" name="setUp" is-config="true" duration-ms="5336" started-at="2022-11-30T12:44:49Z" finished-at="2022-11-30T12:44:55Z">
          <params>
            <param index="0">
              <value>
                <![CDATA[chrome]]>
              </value>
            </param>
          </params>
          <reporter-output>
          </reporter-output>
        </test-method> <!-- setUp -->
        <test-method status="PASS" signature="remember_me_test()[pri:0, instance:com.alea.tests.Log_In_Test@5d624da6]" name="remember_me_test" duration-ms="13830" started-at="2022-11-30T12:44:55Z" description="Login - Check Remember Me" finished-at="2022-11-30T12:45:08Z">
          <reporter-output>
          </reporter-output>
        </test-method> <!-- remember_me_test -->
        <test-method status="PASS" signature="cleanUp()[pri:0, instance:com.alea.tests.Log_In_Test@5d624da6]" name="cleanUp" is-config="true" duration-ms="522" started-at="2022-11-30T12:45:08Z" finished-at="2022-11-30T12:45:09Z">
          <reporter-output>
          </reporter-output>
        </test-method> <!-- cleanUp -->
        <test-method status="PASS" signature="setUp(java.lang.String)[pri:0, instance:com.alea.tests.Log_In_Test@5d624da6]" name="setUp" is-config="true" duration-ms="5276" started-at="2022-11-30T12:45:09Z" finished-at="2022-11-30T12:45:14Z">
          <params>
            <param index="0">
              <value>
                <![CDATA[chrome]]>
              </value>
            </param>
          </params>
          <reporter-output>
          </reporter-output>
        </test-method> <!-- setUp -->
        <test-method status="PASS" signature="verify_validations_test0()[pri:0, instance:com.alea.tests.Log_In_Test@5d624da6]" name="verify_validations_test0" duration-ms="2393" started-at="2022-11-30T12:45:14Z" description="Login - Empty fields" finished-at="2022-11-30T12:45:17Z">
          <reporter-output>
          </reporter-output>
        </test-method> <!-- verify_validations_test0 -->
        <test-method status="PASS" signature="cleanUp()[pri:0, instance:com.alea.tests.Log_In_Test@5d624da6]" name="cleanUp" is-config="true" duration-ms="821" started-at="2022-11-30T12:45:17Z" finished-at="2022-11-30T12:45:18Z">
          <reporter-output>
          </reporter-output>
        </test-method> <!-- cleanUp -->
        <test-method status="PASS" signature="setUp(java.lang.String)[pri:0, instance:com.alea.tests.Log_In_Test@5d624da6]" name="setUp" is-config="true" duration-ms="5514" started-at="2022-11-30T12:45:18Z" finished-at="2022-11-30T12:45:23Z">
          <params>
            <param index="0">
              <value>
                <![CDATA[chrome]]>
              </value>
            </param>
          </params>
          <reporter-output>
          </reporter-output>
        </test-method> <!-- setUp -->
        <test-method status="PASS" signature="verify_validations_test1()[pri:0, instance:com.alea.tests.Log_In_Test@5d624da6]" name="verify_validations_test1" duration-ms="3203" started-at="2022-11-30T12:45:23Z" description="Login - Empty password" finished-at="2022-11-30T12:45:26Z">
          <reporter-output>
          </reporter-output>
        </test-method> <!-- verify_validations_test1 -->
        <test-method status="PASS" signature="cleanUp()[pri:0, instance:com.alea.tests.Log_In_Test@5d624da6]" name="cleanUp" is-config="true" duration-ms="846" started-at="2022-11-30T12:45:26Z" finished-at="2022-11-30T12:45:27Z">
          <reporter-output>
          </reporter-output>
        </test-method> <!-- cleanUp -->
        <test-method status="PASS" signature="setUp(java.lang.String)[pri:0, instance:com.alea.tests.Log_In_Test@5d624da6]" name="setUp" is-config="true" duration-ms="5819" started-at="2022-11-30T12:45:27Z" finished-at="2022-11-30T12:45:33Z">
          <params>
            <param index="0">
              <value>
                <![CDATA[chrome]]>
              </value>
            </param>
          </params>
          <reporter-output>
          </reporter-output>
        </test-method> <!-- setUp -->
        <test-method status="PASS" signature="verify_validations_test2()[pri:0, instance:com.alea.tests.Log_In_Test@5d624da6]" name="verify_validations_test2" duration-ms="5590" started-at="2022-11-30T12:45:33Z" description="Login - Empty username" finished-at="2022-11-30T12:45:38Z">
          <reporter-output>
          </reporter-output>
        </test-method> <!-- verify_validations_test2 -->
        <test-method status="PASS" signature="cleanUp()[pri:0, instance:com.alea.tests.Log_In_Test@5d624da6]" name="cleanUp" is-config="true" duration-ms="823" started-at="2022-11-30T12:45:38Z" finished-at="2022-11-30T12:45:39Z">
          <reporter-output>
          </reporter-output>
        </test-method> <!-- cleanUp -->
        <test-method status="PASS" signature="setUp(java.lang.String)[pri:0, instance:com.alea.tests.Log_In_Test@5d624da6]" name="setUp" is-config="true" duration-ms="5382" started-at="2022-11-30T12:45:39Z" finished-at="2022-11-30T12:45:45Z">
          <params>
            <param index="0">
              <value>
                <![CDATA[chrome]]>
              </value>
            </param>
          </params>
          <reporter-output>
          </reporter-output>
        </test-method> <!-- setUp -->
        <test-method status="PASS" signature="verify_validations_test3()[pri:0, instance:com.alea.tests.Log_In_Test@5d624da6]" name="verify_validations_test3" duration-ms="2091" started-at="2022-11-30T12:45:45Z" description="Login - Empty credentials" finished-at="2022-11-30T12:45:47Z">
          <reporter-output>
          </reporter-output>
        </test-method> <!-- verify_validations_test3 -->
        <test-method status="PASS" signature="cleanUp()[pri:0, instance:com.alea.tests.Log_In_Test@5d624da6]" name="cleanUp" is-config="true" duration-ms="818" started-at="2022-11-30T12:45:47Z" finished-at="2022-11-30T12:45:48Z">
          <reporter-output>
          </reporter-output>
        </test-method> <!-- cleanUp -->
        <test-method status="PASS" signature="setUp(java.lang.String)[pri:0, instance:com.alea.tests.Log_In_Test@5d624da6]" name="setUp" is-config="true" duration-ms="5312" started-at="2022-11-30T12:45:48Z" finished-at="2022-11-30T12:45:53Z">
          <params>
            <param index="0">
              <value>
                <![CDATA[chrome]]>
              </value>
            </param>
          </params>
          <reporter-output>
          </reporter-output>
        </test-method> <!-- setUp -->
        <test-method status="PASS" signature="verify_validations_test4()[pri:0, instance:com.alea.tests.Log_In_Test@5d624da6]" name="verify_validations_test4" duration-ms="2033" started-at="2022-11-30T12:45:53Z" description="Login - Valid username, empty password" finished-at="2022-11-30T12:45:55Z">
          <reporter-output>
          </reporter-output>
        </test-method> <!-- verify_validations_test4 -->
        <test-method status="PASS" signature="cleanUp()[pri:0, instance:com.alea.tests.Log_In_Test@5d624da6]" name="cleanUp" is-config="true" duration-ms="786" started-at="2022-11-30T12:45:55Z" finished-at="2022-11-30T12:45:56Z">
          <reporter-output>
          </reporter-output>
        </test-method> <!-- cleanUp -->
        <test-method status="PASS" signature="setUp(java.lang.String)[pri:0, instance:com.alea.tests.Log_In_Test@5d624da6]" name="setUp" is-config="true" duration-ms="5377" started-at="2022-11-30T12:45:56Z" finished-at="2022-11-30T12:46:01Z">
          <params>
            <param index="0">
              <value>
                <![CDATA[chrome]]>
              </value>
            </param>
          </params>
          <reporter-output>
          </reporter-output>
        </test-method> <!-- setUp -->
        <test-method status="PASS" signature="verify_validations_test5()[pri:0, instance:com.alea.tests.Log_In_Test@5d624da6]" name="verify_validations_test5" duration-ms="1762" started-at="2022-11-30T12:46:01Z" description="Login - Valid password, empty username" finished-at="2022-11-30T12:46:03Z">
          <reporter-output>
          </reporter-output>
        </test-method> <!-- verify_validations_test5 -->
        <test-method status="PASS" signature="cleanUp()[pri:0, instance:com.alea.tests.Log_In_Test@5d624da6]" name="cleanUp" is-config="true" duration-ms="802" started-at="2022-11-30T12:46:03Z" finished-at="2022-11-30T12:46:04Z">
          <reporter-output>
          </reporter-output>
        </test-method> <!-- cleanUp -->
      </class> <!-- com.alea.tests.Log_In_Test -->
    </test> <!-- Command line test -->
  </suite> <!-- Command line suite -->
</testng-results>
